<?xml version="1.0" encoding="UTF-8"?>
<!-- Generated by org.testng.reporters.JUnitReportReporter -->
<testsuite hostname="DESKTOP-37FIG61" failures="0" tests="1" name="com.handson.WidetsTest" time="15.467" errors="0" timestamp="2024-10-07T13:41:51 IST" skipped="0">
  <testcase classname="com.handson.WidetsTest" name="Test3" time="15.467"/>
  <system-out/>
</testsuite> <!-- com.handson.WidetsTest -->
