<?xml version="1.0" encoding="UTF-8"?>
<!-- Generated by org.testng.reporters.JUnitReportReporter -->
<testsuite hostname="DESKTOP-37FIG61" failures="0" tests="1" name="com.handson.FramesTest" time="8.027" errors="0" timestamp="2024-10-07T11:42:31 IST" skipped="0">
  <testcase classname="com.handson.FramesTest" name="nestedIframesTest" time="8.027"/>
  <system-out/>
</testsuite> <!-- com.handson.FramesTest -->
