<?xml version="1.0" encoding="UTF-8"?>
<!-- Generated by org.testng.reporters.JUnitReportReporter -->
<testsuite hostname="DESKTOP-37FIG61" failures="0" tests="1" name="com.handson.SelectableTest" time="6.688" errors="0" timestamp="2024-10-08T19:51:21 IST" skipped="0">
  <testcase classname="com.handson.SelectableTest" name="test1" time="6.688"/>
  <system-out/>
</testsuite> <!-- com.handson.SelectableTest -->
