<?xml version="1.0" encoding="UTF-8"?>
<!-- Generated by org.testng.reporters.JUnitReportReporter -->
<testsuite hostname="DESKTOP-37FIG61" failures="0" tests="1" name="com.handson.Windows" time="4.535" errors="0" timestamp="2024-10-07T11:20:49 IST" skipped="0">
  <testcase classname="com.handson.Windows" name="multipleWindows" time="4.535"/>
  <system-out/>
</testsuite> <!-- com.handson.Windows -->
