<?xml version="1.0" encoding="UTF-8"?>
<!-- Generated by org.testng.reporters.JUnitReportReporter -->
<testsuite hostname="DESKTOP-37FIG61" failures="0" tests="1" name="com.handson.DatePickerTest" time="7.562" errors="0" timestamp="2024-10-08T19:09:42 IST" skipped="0">
  <testcase classname="com.handson.DatePickerTest" name="test" time="7.562"/>
  <system-out/>
</testsuite> <!-- com.handson.DatePickerTest -->
