<?xml version="1.0" encoding="UTF-8"?>
<!-- Generated by org.testng.reporters.JUnitReportReporter -->
<testsuite hostname="DESKTOP-37FIG61" failures="0" tests="1" name="com.handson.RegisterTest" time="19.090" errors="0" timestamp="2024-03-14T16:04:58 IST" skipped="0">
  <testcase classname="com.handson.RegisterTest" name="test" time="19.090"/>
</testsuite> <!-- com.handson.RegisterTest -->
